<?xml version="1.0" encoding="UTF-8"?>
<!-- Generated by org.testng.reporters.JUnitReportReporter -->
<testsuite hostname="VP-MACHINE" failures="0" tests="1" name="com.selenium.testcases.LoginPageTest" time="77.558" errors="0" timestamp="2022-01-05T07:52:17 IST" skipped="0">
  <testcase classname="com.selenium.testcases.LoginPageTest" name="loginTest" time="77.558"/>
  <system-out/>
</testsuite> <!-- com.selenium.testcases.LoginPageTest -->
