<?xml version="1.0" encoding="UTF-8"?>
<!-- Generated by org.testng.reporters.JUnitReportReporter -->
<testsuite hostname="VP-MACHINE" failures="0" tests="1" name="com.selenium.testcases.OrderPageTest" time="88.215" errors="0" timestamp="2022-01-05T07:52:17 IST" skipped="0">
  <testcase classname="com.selenium.testcases.OrderPageTest" name="verifyTotalPrice" time="88.215"/>
  <system-out/>
</testsuite> <!-- com.selenium.testcases.OrderPageTest -->
