<?xml version="1.0" encoding="UTF-8"?>
<!-- Generated by org.testng.reporters.JUnitReportReporter -->
<testsuite hostname="VP-MACHINE" failures="0" tests="1" name="com.selenium.testcases.AddToCartPageTest" time="46.516" errors="0" timestamp="2022-01-05T07:52:17 IST" skipped="0">
  <testcase classname="com.selenium.testcases.AddToCartPageTest" name="addToCartTest" time="46.516"/>
  <system-out/>
</testsuite> <!-- com.selenium.testcases.AddToCartPageTest -->
