<?xml version="1.0" encoding="UTF-8"?>
<!-- Generated by org.testng.reporters.JUnitReportReporter -->
<testsuite hostname="VP-MACHINE" failures="0" tests="1" name="com.selenium.testcases.AcocuntCreationPageTest" time="29.634" errors="0" timestamp="2022-01-05T07:56:47 IST" skipped="0">
  <testcase classname="com.selenium.testcases.AcocuntCreationPageTest" name="verifyAcountCreationPage" time="29.634"/>
  <system-out/>
</testsuite> <!-- com.selenium.testcases.AcocuntCreationPageTest -->
